<?xml version="1.0" encoding="UTF-8"?>
<!-- Generated by org.testng.reporters.JUnitReportReporter -->
<testsuite skipped="0" hostname="venkay32" name="com.STTA.testCases.TC_CaptureScreenShot_008" tests="1" failures="0" timestamp="26 Jan 2020 16:47:59 GMT" time="3.457" errors="0">
  <testcase name="testCaptureScreenshot" time="3.457" classname="com.STTA.testCases.TC_CaptureScreenShot_008"/>
</testsuite> <!-- com.STTA.testCases.TC_CaptureScreenShot_008 -->
