<?xml version="1.0" encoding="UTF-8"?>
<!-- Generated by org.testng.reporters.JUnitReportReporter -->
<testsuite skipped="0" hostname="venkay32" name="com.STTA.testCases.TC_ReadingFontProperties_014" tests="1" failures="0" timestamp="25 Feb 2020 13:39:18 GMT" time="1.747" errors="0">
  <testcase name="testReadingFontProperties" time="1.747" classname="com.STTA.testCases.TC_ReadingFontProperties_014"/>
</testsuite> <!-- com.STTA.testCases.TC_ReadingFontProperties_014 -->
