<?xml version="1.0" encoding="UTF-8"?>
<!-- Generated by org.testng.reporters.JUnitReportReporter -->
<testsuite skipped="0" hostname="venkay32" name="com.STTA.testCases.TC_HandleDynamicWebTable_020" tests="1" failures="0" timestamp="29 Jan 2020 14:36:51 GMT" time="4.566" errors="0">
  <testcase name="testHandleDynamicWebTable" time="4.566" classname="com.STTA.testCases.TC_HandleDynamicWebTable_020"/>
</testsuite> <!-- com.STTA.testCases.TC_HandleDynamicWebTable_020 -->
