<?xml version="1.0" encoding="UTF-8"?>
<!-- Generated by org.testng.reporters.JUnitReportReporter -->
<testsuite skipped="0" hostname="venkay32" name="com.STTA.testCases.TC_NavigationCommands_005" tests="1" failures="0" timestamp="05 Feb 2020 19:44:16 GMT" time="6.767" errors="0">
  <testcase name="testBrowsercmds" time="6.767" classname="com.STTA.testCases.TC_NavigationCommands_005"/>
</testsuite> <!-- com.STTA.testCases.TC_NavigationCommands_005 -->
