<?xml version="1.0" encoding="UTF-8"?>
<!-- Generated by org.testng.reporters.JUnitReportReporter -->
<testsuite skipped="0" hostname="venkay32" name="com.STTA.testCases.TC_DataproviderDDT_002" tests="4" failures="0" timestamp="07 Feb 2020 14:57:21 GMT" time="12.087" errors="0">
  <testcase name="LogIn_Test" time="2.728" classname="com.STTA.testCases.TC_DataproviderDDT_002"/>
  <testcase name="LogIn_Test" time="2.750" classname="com.STTA.testCases.TC_DataproviderDDT_002"/>
  <testcase name="LogIn_Test" time="2.809" classname="com.STTA.testCases.TC_DataproviderDDT_002"/>
  <testcase name="LogIn_Test" time="3.800" classname="com.STTA.testCases.TC_DataproviderDDT_002"/>
</testsuite> <!-- com.STTA.testCases.TC_DataproviderDDT_002 -->
