<?xml version="1.0" encoding="UTF-8"?>
<!-- Generated by org.testng.reporters.JUnitReportReporter -->
<testsuite skipped="0" hostname="venkay32" name="com.STTA.testCases.TC_ObjectRepositoryUsingPropertiesFile_016" tests="1" failures="0" timestamp="15 Feb 2020 06:09:35 GMT" time="4.502" errors="0">
  <testcase name="testObjectRepositoryUsingPropertiesFile" time="4.502" classname="com.STTA.testCases.TC_ObjectRepositoryUsingPropertiesFile_016"/>
</testsuite> <!-- com.STTA.testCases.TC_ObjectRepositoryUsingPropertiesFile_016 -->
