<?xml version="1.0" encoding="UTF-8"?>
<!-- Generated by org.testng.reporters.JUnitReportReporter -->
<testsuite skipped="0" hostname="venkay32" name="com.STTA.testCases.TC_NavigationCommands_005" tests="1" failures="0" timestamp="28 Jan 2020 14:24:48 GMT" time="8.620" errors="0">
  <testcase name="testBrowsercmds" time="8.620" classname="com.STTA.testCases.TC_NavigationCommands_005"/>
</testsuite> <!-- com.STTA.testCases.TC_NavigationCommands_005 -->
