<?xml version="1.0" encoding="UTF-8"?>
<!-- Generated by org.testng.reporters.JUnitReportReporter -->
<testsuite skipped="0" hostname="venkay32" name="com.STTA.testCases.TC_HandleCheckbox_004" tests="2" failures="0" timestamp="05 Mar 2020 14:41:28 GMT" time="21.586" errors="0">
  <testcase name="testmethodone" time="4.714" classname="com.STTA.testCases.TC_HandleCheckbox_004"/>
  <testcase name="testCheckbox" time="16.872" classname="com.STTA.testCases.TC_HandleCheckbox_004"/>
</testsuite> <!-- com.STTA.testCases.TC_HandleCheckbox_004 -->
