<?xml version="1.0" encoding="UTF-8"?>
<!-- Generated by org.testng.reporters.JUnitReportReporter -->
<testsuite skipped="0" hostname="venkay32" name="com.STTA.testCases.TC_NavigationCommands_005" tests="1" failures="0" timestamp="17 Feb 2020 06:59:07 GMT" time="5.429" errors="0">
  <testcase name="testBrowsercmds" time="5.429" classname="com.STTA.testCases.TC_NavigationCommands_005"/>
</testsuite> <!-- com.STTA.testCases.TC_NavigationCommands_005 -->
