<?xml version="1.0" encoding="UTF-8"?>
<!-- Generated by org.testng.reporters.JUnitReportReporter -->
<testsuite skipped="0" hostname="venkay32" name="com.STTA.testCases.TC_CaptureScreenShot_008" tests="1" failures="0" timestamp="29 Jan 2020 14:36:52 GMT" time="5.529" errors="0">
  <testcase name="testCaptureScreenshot" time="5.529" classname="com.STTA.testCases.TC_CaptureScreenShot_008"/>
</testsuite> <!-- com.STTA.testCases.TC_CaptureScreenShot_008 -->
