<?xml version="1.0" encoding="UTF-8"?>
<!-- Generated by org.testng.reporters.JUnitReportReporter -->
<testsuite skipped="0" hostname="venkay32" name="com.STTA.testCases.TC_IEBrowserSampleTest_003" tests="1" failures="0" timestamp="17 Feb 2020 06:59:07 GMT" time="2.661" errors="0">
  <testcase name="testCal" time="2.661" classname="com.STTA.testCases.TC_IEBrowserSampleTest_003"/>
</testsuite> <!-- com.STTA.testCases.TC_IEBrowserSampleTest_003 -->
