<?xml version="1.0" encoding="UTF-8"?>
<!-- Generated by org.testng.reporters.JUnitReportReporter -->
<testsuite skipped="0" hostname="venkay32" name="com.STTA.testCases.TC_DataproviderDDT_002" tests="4" failures="0" timestamp="25 Feb 2020 13:39:18 GMT" time="5.936" errors="0">
  <testcase name="LogIn_Test" time="1.162" classname="com.STTA.testCases.TC_DataproviderDDT_002"/>
  <testcase name="LogIn_Test" time="1.272" classname="com.STTA.testCases.TC_DataproviderDDT_002"/>
  <testcase name="LogIn_Test" time="2.295" classname="com.STTA.testCases.TC_DataproviderDDT_002"/>
  <testcase name="LogIn_Test" time="1.207" classname="com.STTA.testCases.TC_DataproviderDDT_002"/>
</testsuite> <!-- com.STTA.testCases.TC_DataproviderDDT_002 -->
