<?xml version="1.0" encoding="UTF-8"?>
<!-- Generated by org.testng.reporters.JUnitReportReporter -->
<testsuite skipped="0" hostname="venkay32" name="com.STTA.testCases.TC_ExtractingAllTextFieldsFromWebPage_018" tests="2" failures="0" timestamp="06 Feb 2020 13:04:01 GMT" time="7.461" errors="0">
  <testcase name="testExtractingAllTextFieldsFromWebPage" time="7.460" classname="com.STTA.testCases.TC_ExtractingAllTextFieldsFromWebPage_018"/>
  <testcase name="testMethod" time="0.001" classname="com.STTA.testCases.TC_ExtractingAllTextFieldsFromWebPage_018"/>
</testsuite> <!-- com.STTA.testCases.TC_ExtractingAllTextFieldsFromWebPage_018 -->
