<?xml version="1.0" encoding="UTF-8"?>
<!-- Generated by org.testng.reporters.JUnitReportReporter -->
<testsuite skipped="0" hostname="venkay32" name="com.STTA.testCases.TC_ReadingFontProperties_014" tests="1" failures="0" timestamp="15 Feb 2020 06:09:35 GMT" time="2.695" errors="0">
  <testcase name="testReadingFontProperties" time="2.695" classname="com.STTA.testCases.TC_ReadingFontProperties_014"/>
</testsuite> <!-- com.STTA.testCases.TC_ReadingFontProperties_014 -->
