<?xml version="1.0" encoding="UTF-8"?>
<!-- Generated by org.testng.reporters.JUnitReportReporter -->
<testsuite skipped="0" hostname="venkay32" name="com.STTA.testCases.TC_ExtractOrReadTableData_19" tests="2" failures="0" timestamp="09 Feb 2020 06:33:10 GMT" time="6.491" errors="0">
  <testcase name="testExtractOrReadTableData" time="4.132" classname="com.STTA.testCases.TC_ExtractOrReadTableData_19"/>
  <testcase name="testmethodone" time="2.359" classname="com.STTA.testCases.TC_ExtractOrReadTableData_19"/>
</testsuite> <!-- com.STTA.testCases.TC_ExtractOrReadTableData_19 -->
