<?xml version="1.0" encoding="UTF-8"?>
<!-- Generated by org.testng.reporters.JUnitReportReporter -->
<testsuite skipped="0" hostname="venkay32" name="com.STTA.testCases.TC_HandleCheckbox_004" tests="2" failures="0" timestamp="09 Feb 2020 06:33:10 GMT" time="7.050" errors="0">
  <testcase name="testCheckbox" time="3.673" classname="com.STTA.testCases.TC_HandleCheckbox_004"/>
  <testcase name="testmethodone" time="3.377" classname="com.STTA.testCases.TC_HandleCheckbox_004"/>
</testsuite> <!-- com.STTA.testCases.TC_HandleCheckbox_004 -->
