<?xml version="1.0" encoding="UTF-8"?>
<!-- Generated by org.testng.reporters.JUnitReportReporter -->
<testsuite skipped="0" hostname="venkay32" name="com.STTA.testCases.TC_HighlightElement_013" tests="1" failures="0" timestamp="04 Feb 2020 14:59:43 GMT" time="13.664" errors="0">
  <testcase name="testHighlightElement" time="13.664" classname="com.STTA.testCases.TC_HighlightElement_013"/>
</testsuite> <!-- com.STTA.testCases.TC_HighlightElement_013 -->
