<?xml version="1.0" encoding="UTF-8"?>
<!-- Generated by org.testng.reporters.JUnitReportReporter -->
<testsuite skipped="0" hostname="venkay32" name="com.STTA.testCases.TC_ObjectRepositoryUsingPropertiesFile_016" tests="1" failures="0" timestamp="05 Mar 2020 14:41:28 GMT" time="7.435" errors="0">
  <testcase name="testObjectRepositoryUsingPropertiesFile" time="7.435" classname="com.STTA.testCases.TC_ObjectRepositoryUsingPropertiesFile_016"/>
</testsuite> <!-- com.STTA.testCases.TC_ObjectRepositoryUsingPropertiesFile_016 -->
