<?xml version="1.0" encoding="UTF-8"?>
<!-- Generated by org.testng.reporters.JUnitReportReporter -->
<testsuite skipped="0" hostname="venkay32" name="com.STTA.testCases.TC_HandleCheckbox_004" tests="2" failures="0" timestamp="18 Feb 2020 19:53:59 GMT" time="7.162" errors="0">
  <testcase name="testmethodone" time="3.188" classname="com.STTA.testCases.TC_HandleCheckbox_004"/>
  <testcase name="testCheckbox" time="3.974" classname="com.STTA.testCases.TC_HandleCheckbox_004"/>
</testsuite> <!-- com.STTA.testCases.TC_HandleCheckbox_004 -->
