<?xml version="1.0" encoding="UTF-8"?>
<!-- Generated by org.testng.reporters.JUnitReportReporter -->
<testsuite skipped="0" hostname="venkay32" name="com.STTA.testCases.TC_ExtractOrReadTableData_19" tests="2" failures="0" timestamp="02 Mar 2020 14:34:26 GMT" time="6.237" errors="0">
  <testcase name="testExtractOrReadTableData" time="4.894" classname="com.STTA.testCases.TC_ExtractOrReadTableData_19"/>
  <testcase name="testmethodone" time="1.343" classname="com.STTA.testCases.TC_ExtractOrReadTableData_19"/>
</testsuite> <!-- com.STTA.testCases.TC_ExtractOrReadTableData_19 -->
