<?xml version="1.0" encoding="UTF-8"?>
<!-- Generated by org.testng.reporters.JUnitReportReporter -->
<testsuite skipped="0" hostname="venkay32" name="com.STTA.testCases.TC_DataproviderDDT_002" tests="4" failures="0" timestamp="15 Feb 2020 06:09:35 GMT" time="25.703" errors="0">
  <testcase name="LogIn_Test" time="4.781" classname="com.STTA.testCases.TC_DataproviderDDT_002"/>
  <testcase name="LogIn_Test" time="6.916" classname="com.STTA.testCases.TC_DataproviderDDT_002"/>
  <testcase name="LogIn_Test" time="6.081" classname="com.STTA.testCases.TC_DataproviderDDT_002"/>
  <testcase name="LogIn_Test" time="7.925" classname="com.STTA.testCases.TC_DataproviderDDT_002"/>
</testsuite> <!-- com.STTA.testCases.TC_DataproviderDDT_002 -->
