<?xml version="1.0" encoding="UTF-8"?>
<!-- Generated by org.testng.reporters.JUnitReportReporter -->
<testsuite skipped="0" hostname="venkay32" name="com.STTA.testCases.TC_HandleDynamicWebTable_020" tests="1" failures="0" timestamp="07 Feb 2020 14:57:21 GMT" time="2.518" errors="0">
  <testcase name="testHandleDynamicWebTable" time="2.518" classname="com.STTA.testCases.TC_HandleDynamicWebTable_020"/>
</testsuite> <!-- com.STTA.testCases.TC_HandleDynamicWebTable_020 -->
