<?xml version="1.0" encoding="UTF-8"?>
<!-- Generated by org.testng.reporters.JUnitReportReporter -->
<testsuite skipped="0" hostname="venkay32" name="com.STTA.testCases.TC_CaptureScreenShot_008" tests="1" failures="0" timestamp="07 Feb 2020 14:57:21 GMT" time="2.648" errors="0">
  <testcase name="testCaptureScreenshot" time="2.648" classname="com.STTA.testCases.TC_CaptureScreenShot_008"/>
</testsuite> <!-- com.STTA.testCases.TC_CaptureScreenShot_008 -->
