<?xml version="1.0" encoding="UTF-8"?>
<!-- Generated by org.testng.reporters.JUnitReportReporter -->
<testsuite skipped="0" hostname="venkay32" name="com.STTA.testCases.TC_HandleCheckbox_004" tests="2" failures="0" timestamp="15 Feb 2020 06:09:35 GMT" time="6.050" errors="0">
  <testcase name="testmethodone" time="3.130" classname="com.STTA.testCases.TC_HandleCheckbox_004"/>
  <testcase name="testCheckbox" time="2.920" classname="com.STTA.testCases.TC_HandleCheckbox_004"/>
</testsuite> <!-- com.STTA.testCases.TC_HandleCheckbox_004 -->
