<?xml version="1.0" encoding="UTF-8"?>
<!-- Generated by org.testng.reporters.JUnitReportReporter -->
<testsuite skipped="0" hostname="venkay32" name="com.STTA.testCases.TC_DataproviderDDT_002" tests="4" failures="0" timestamp="28 Jan 2020 14:24:49 GMT" time="22.189" errors="0">
  <testcase name="LogIn_Test" time="5.479" classname="com.STTA.testCases.TC_DataproviderDDT_002"/>
  <testcase name="LogIn_Test" time="6.177" classname="com.STTA.testCases.TC_DataproviderDDT_002"/>
  <testcase name="LogIn_Test" time="5.464" classname="com.STTA.testCases.TC_DataproviderDDT_002"/>
  <testcase name="LogIn_Test" time="5.069" classname="com.STTA.testCases.TC_DataproviderDDT_002"/>
</testsuite> <!-- com.STTA.testCases.TC_DataproviderDDT_002 -->
