<?xml version="1.0" encoding="UTF-8"?>
<!-- Generated by org.testng.reporters.JUnitReportReporter -->
<testsuite skipped="0" hostname="venkay32" name="com.STTA.testCases.TC_ExtractingAllTextFieldsFromWebPage_018" tests="2" failures="0" timestamp="22 Feb 2020 20:06:10 GMT" time="13.427" errors="0">
  <testcase name="testMethod" time="0.002" classname="com.STTA.testCases.TC_ExtractingAllTextFieldsFromWebPage_018"/>
  <testcase name="testExtractingAllTextFieldsFromWebPage" time="13.425" classname="com.STTA.testCases.TC_ExtractingAllTextFieldsFromWebPage_018"/>
</testsuite> <!-- com.STTA.testCases.TC_ExtractingAllTextFieldsFromWebPage_018 -->
