<?xml version="1.0" encoding="UTF-8"?>
<!-- Generated by org.testng.reporters.JUnitReportReporter -->
<testsuite skipped="0" hostname="venkay32" name="com.STTA.testCases.TC_ExtractingAllTextFieldsFromWebPage_018" tests="2" failures="0" timestamp="09 Feb 2020 06:33:10 GMT" time="7.087" errors="0">
  <testcase name="testExtractingAllTextFieldsFromWebPage" time="7.086" classname="com.STTA.testCases.TC_ExtractingAllTextFieldsFromWebPage_018"/>
  <testcase name="testMethod" time="0.001" classname="com.STTA.testCases.TC_ExtractingAllTextFieldsFromWebPage_018"/>
</testsuite> <!-- com.STTA.testCases.TC_ExtractingAllTextFieldsFromWebPage_018 -->
