<?xml version="1.0" encoding="UTF-8"?>
<!-- Generated by org.testng.reporters.JUnitReportReporter -->
<testsuite skipped="0" hostname="venkay32" name="com.STTA.testCases.TC_NavigationCommands_005" tests="1" failures="0" timestamp="27 Jan 2020 07:51:20 GMT" time="6.829" errors="0">
  <testcase name="testBrowsercmds" time="6.829" classname="com.STTA.testCases.TC_NavigationCommands_005"/>
</testsuite> <!-- com.STTA.testCases.TC_NavigationCommands_005 -->
