<?xml version="1.0" encoding="UTF-8"?>
<!-- Generated by org.testng.reporters.JUnitReportReporter -->
<testsuite skipped="0" hostname="venkay32" name="com.STTA.testCases.TC_ReadingFontProperties_014" tests="1" failures="0" timestamp="28 Jan 2020 14:24:49 GMT" time="4.116" errors="0">
  <testcase name="testReadingFontProperties" time="4.116" classname="com.STTA.testCases.TC_ReadingFontProperties_014"/>
</testsuite> <!-- com.STTA.testCases.TC_ReadingFontProperties_014 -->
