<?xml version="1.0" encoding="UTF-8"?>
<!-- Generated by org.testng.reporters.JUnitReportReporter -->
<testsuite skipped="0" hostname="venkay32" name="com.STTA.testCases.TC_IEBrowserSampleTest_003" tests="1" failures="0" timestamp="28 Jan 2020 14:24:49 GMT" time="3.132" errors="0">
  <testcase name="testCal" time="3.132" classname="com.STTA.testCases.TC_IEBrowserSampleTest_003"/>
</testsuite> <!-- com.STTA.testCases.TC_IEBrowserSampleTest_003 -->
