<?xml version="1.0" encoding="UTF-8"?>
<!-- Generated by org.testng.reporters.JUnitReportReporter -->
<testsuite skipped="0" hostname="venkay32" name="com.STTA.testCases.TC_CaptureScreenShot_008" tests="1" failures="0" timestamp="06 Feb 2020 13:04:01 GMT" time="2.638" errors="0">
  <testcase name="testCaptureScreenshot" time="2.638" classname="com.STTA.testCases.TC_CaptureScreenShot_008"/>
</testsuite> <!-- com.STTA.testCases.TC_CaptureScreenShot_008 -->
