<?xml version="1.0" encoding="UTF-8"?>
<!-- Generated by org.testng.reporters.JUnitReportReporter -->
<testsuite skipped="0" hostname="venkay32" name="com.STTA.testCases.TC_DataproviderDDT_002" tests="4" failures="0" timestamp="18 Feb 2020 19:53:59 GMT" time="25.841" errors="0">
  <testcase name="LogIn_Test" time="5.569" classname="com.STTA.testCases.TC_DataproviderDDT_002"/>
  <testcase name="LogIn_Test" time="8.238" classname="com.STTA.testCases.TC_DataproviderDDT_002"/>
  <testcase name="LogIn_Test" time="6.512" classname="com.STTA.testCases.TC_DataproviderDDT_002"/>
  <testcase name="LogIn_Test" time="5.522" classname="com.STTA.testCases.TC_DataproviderDDT_002"/>
</testsuite> <!-- com.STTA.testCases.TC_DataproviderDDT_002 -->
