<?xml version="1.0" encoding="UTF-8"?>
<!-- Generated by org.testng.reporters.JUnitReportReporter -->
<testsuite skipped="0" hostname="venkay32" name="com.STTA.testCases.TC_HandleCheckbox_004" tests="2" failures="0" timestamp="25 Feb 2020 13:39:18 GMT" time="3.345" errors="0">
  <testcase name="testCheckbox" time="2.187" classname="com.STTA.testCases.TC_HandleCheckbox_004"/>
  <testcase name="testmethodone" time="1.158" classname="com.STTA.testCases.TC_HandleCheckbox_004"/>
</testsuite> <!-- com.STTA.testCases.TC_HandleCheckbox_004 -->
