<?xml version="1.0" encoding="UTF-8"?>
<!-- Generated by org.testng.reporters.JUnitReportReporter -->
<testsuite skipped="0" hostname="venkay32" name="com.STTA.testCases.TC_ReadingFontProperties_014" tests="1" failures="0" timestamp="02 Mar 2020 14:34:26 GMT" time="3.923" errors="0">
  <testcase name="testReadingFontProperties" time="3.923" classname="com.STTA.testCases.TC_ReadingFontProperties_014"/>
</testsuite> <!-- com.STTA.testCases.TC_ReadingFontProperties_014 -->
