<?xml version="1.0" encoding="UTF-8"?>
<!-- Generated by org.testng.reporters.JUnitReportReporter -->
<testsuite skipped="0" hostname="venkay32" name="math.operation.ArithmeticOperationsTest" tests="1" failures="0" timestamp="27 Jan 2020 07:51:20 GMT" time="0.003" errors="0">
  <testcase name="testAdd" time="0.003" classname="math.operation.ArithmeticOperationsTest"/>
</testsuite> <!-- math.operation.ArithmeticOperationsTest -->
