<?xml version="1.0" encoding="UTF-8"?>
<!-- Generated by org.testng.reporters.JUnitReportReporter -->
<testsuite skipped="0" hostname="venkay32" name="com.STTA.testCases.TC_IEBrowserSampleTest_003" tests="1" failures="0" timestamp="22 Feb 2020 20:06:10 GMT" time="3.164" errors="0">
  <testcase name="testCal" time="3.164" classname="com.STTA.testCases.TC_IEBrowserSampleTest_003"/>
</testsuite> <!-- com.STTA.testCases.TC_IEBrowserSampleTest_003 -->
