<?xml version="1.0" encoding="UTF-8"?>
<!-- Generated by org.testng.reporters.JUnitReportReporter -->
<testsuite skipped="0" hostname="venkay32" name="com.STTA.testCases.TC_HandlingMultipleBrowserWindows_010" tests="1" failures="0" timestamp="15 Feb 2020 06:09:35 GMT" time="29.575" errors="0">
  <testcase name="testHandlingMultipleBrowserWindows" time="29.575" classname="com.STTA.testCases.TC_HandlingMultipleBrowserWindows_010"/>
</testsuite> <!-- com.STTA.testCases.TC_HandlingMultipleBrowserWindows_010 -->
