<?xml version="1.0" encoding="UTF-8"?>
<!-- Generated by org.testng.reporters.JUnitReportReporter -->
<testsuite skipped="0" hostname="venkay32" name="com.STTA.testCases.TC_DragAndDropAnElement_001" tests="1" failures="0" timestamp="26 Jan 2020 16:47:59 GMT" time="3.662" errors="0">
  <testcase name="dragAndDrop" time="3.662" classname="com.STTA.testCases.TC_DragAndDropAnElement_001"/>
</testsuite> <!-- com.STTA.testCases.TC_DragAndDropAnElement_001 -->
