<?xml version="1.0" encoding="UTF-8"?>
<!-- Generated by org.testng.reporters.JUnitReportReporter -->
<testsuite skipped="0" hostname="venkay32" name="com.STTA.testCases.TC_HandleCheckbox_004" tests="2" failures="0" timestamp="22 Feb 2020 20:06:10 GMT" time="9.500" errors="0">
  <testcase name="testmethodone" time="5.452" classname="com.STTA.testCases.TC_HandleCheckbox_004"/>
  <testcase name="testCheckbox" time="4.048" classname="com.STTA.testCases.TC_HandleCheckbox_004"/>
</testsuite> <!-- com.STTA.testCases.TC_HandleCheckbox_004 -->
