<?xml version="1.0" encoding="UTF-8"?>
<!-- Generated by org.testng.reporters.JUnitReportReporter -->
<testsuite skipped="0" hostname="venkay32" name="com.STTA.testCases.TC_HandleCheckbox_004" tests="2" failures="0" timestamp="11 Feb 2020 14:41:31 GMT" time="6.706" errors="0">
  <testcase name="testCheckbox" time="3.370" classname="com.STTA.testCases.TC_HandleCheckbox_004"/>
  <testcase name="testmethodone" time="3.336" classname="com.STTA.testCases.TC_HandleCheckbox_004"/>
</testsuite> <!-- com.STTA.testCases.TC_HandleCheckbox_004 -->
