<?xml version="1.0" encoding="UTF-8"?>
<!-- Generated by org.testng.reporters.JUnitReportReporter -->
<testsuite skipped="0" hostname="venkay32" name="com.STTA.testCases.TC_ExtractOrReadTableData_19" tests="2" failures="0" timestamp="05 Mar 2020 14:41:28 GMT" time="15.568" errors="0">
  <testcase name="testExtractOrReadTableData" time="5.861" classname="com.STTA.testCases.TC_ExtractOrReadTableData_19"/>
  <testcase name="testmethodone" time="9.707" classname="com.STTA.testCases.TC_ExtractOrReadTableData_19"/>
</testsuite> <!-- com.STTA.testCases.TC_ExtractOrReadTableData_19 -->
