<?xml version="1.0" encoding="UTF-8"?>
<!-- Generated by org.testng.reporters.JUnitReportReporter -->
<testsuite skipped="0" hostname="venkay32" name="com.STTA.testCases.TC_ParameterizationOrDataDrivenTesting_022" tests="1" failures="0" timestamp="11 Feb 2020 14:41:31 GMT" time="18.649" errors="0">
  <testcase name="testDDTorParameterization" time="18.649" classname="com.STTA.testCases.TC_ParameterizationOrDataDrivenTesting_022"/>
</testsuite> <!-- com.STTA.testCases.TC_ParameterizationOrDataDrivenTesting_022 -->
