<?xml version="1.0" encoding="UTF-8"?>
<!-- Generated by org.testng.reporters.JUnitReportReporter -->
<testsuite skipped="0" hostname="venkay32" name="com.STTA.testCases.TC_DragAndDropAnElement_001" tests="1" failures="0" timestamp="25 Feb 2020 13:39:18 GMT" time="4.254" errors="0">
  <testcase name="testdragAndDrop" time="4.254" classname="com.STTA.testCases.TC_DragAndDropAnElement_001"/>
</testsuite> <!-- com.STTA.testCases.TC_DragAndDropAnElement_001 -->
