<?xml version="1.0" encoding="UTF-8"?>
<!-- Generated by org.testng.reporters.JUnitReportReporter -->
<testsuite skipped="0" hostname="venkay32" name="com.STTA.testCases.TC_HandlingMultipleBrowserWindows_010" tests="1" failures="0" timestamp="02 Mar 2020 14:34:27 GMT" time="28.702" errors="0">
  <testcase name="testHandlingMultipleBrowserWindows" time="28.702" classname="com.STTA.testCases.TC_HandlingMultipleBrowserWindows_010"/>
</testsuite> <!-- com.STTA.testCases.TC_HandlingMultipleBrowserWindows_010 -->
