<?xml version="1.0" encoding="UTF-8"?>
<!-- Generated by org.testng.reporters.JUnitReportReporter -->
<testsuite skipped="0" hostname="venkay32" name="com.STTA.testCases.TC_DragAndDropAnElement_001" tests="1" failures="0" timestamp="27 Jan 2020 07:51:20 GMT" time="2.719" errors="0">
  <testcase name="dragAndDrop" time="2.719" classname="com.STTA.testCases.TC_DragAndDropAnElement_001"/>
</testsuite> <!-- com.STTA.testCases.TC_DragAndDropAnElement_001 -->
