<?xml version="1.0" encoding="UTF-8"?>
<!-- Generated by org.testng.reporters.JUnitReportReporter -->
<testsuite skipped="0" hostname="venkay32" name="com.STTA.testCases.TC_HighlightElement_013" tests="1" failures="0" timestamp="26 Feb 2020 18:24:47 GMT" time="14.347" errors="0">
  <testcase name="testHighlightElement" time="14.347" classname="com.STTA.testCases.TC_HighlightElement_013"/>
</testsuite> <!-- com.STTA.testCases.TC_HighlightElement_013 -->
