<?xml version="1.0" encoding="UTF-8"?>
<!-- Generated by org.testng.reporters.JUnitReportReporter -->
<testsuite skipped="0" hostname="venkay32" name="com.STTA.testCases.TC_CaptureScreenShot_008" tests="1" failures="0" timestamp="22 Feb 2020 20:06:10 GMT" time="5.033" errors="0">
  <testcase name="testCaptureScreenshot" time="5.033" classname="com.STTA.testCases.TC_CaptureScreenShot_008"/>
</testsuite> <!-- com.STTA.testCases.TC_CaptureScreenShot_008 -->
