<?xml version="1.0" encoding="UTF-8"?>
<!-- Generated by org.testng.reporters.JUnitReportReporter -->
<testsuite skipped="0" hostname="venkay32" name="com.STTA.testCases.TC_IEBrowserSampleTest_003" tests="1" failures="0" timestamp="05 Feb 2020 19:44:16 GMT" time="2.447" errors="0">
  <testcase name="testCal" time="2.447" classname="com.STTA.testCases.TC_IEBrowserSampleTest_003"/>
</testsuite> <!-- com.STTA.testCases.TC_IEBrowserSampleTest_003 -->
